<?xml version="1.0" encoding="UTF-8"?>
<!-- Generated by org.testng.reporters.JUnitReportReporter -->
<testsuite skipped="0" hostname="ANU-PC" name="mavendemo.abcTest" tests="1" failures="0" timestamp="2020-07-09T21:54:17 EDT" time="0.010" errors="0">
  <testcase name="method1" time="0.010" classname="mavendemo.abcTest"/>
  <system-out/>
</testsuite> <!-- mavendemo.abcTest -->
