<?xml version="1.0" encoding="UTF-8"?>
<!-- Generated by org.testng.reporters.JUnitReportReporter -->
<testsuite skipped="0" hostname="ANU-PC" name="mavendemo.MAVENTest" tests="1" failures="0" timestamp="2020-07-10T22:07:48 EDT" time="0.005" errors="0">
  <testcase name="method1" time="0.005" classname="mavendemo.MAVENTest"/>
  <system-out/>
</testsuite> <!-- mavendemo.MAVENTest -->
