<?xml version="1.0" encoding="UTF-8"?>
<!-- Generated by org.testng.reporters.JUnitReportReporter -->
<testsuite skipped="0" hostname="ANU-PC" name="mavendemo.XYZTest" tests="1" failures="0" timestamp="2020-07-12T15:21:32 EDT" time="0.009" errors="0">
  <testcase name="method1" time="0.009" classname="mavendemo.XYZTest"/>
  <system-out/>
</testsuite> <!-- mavendemo.XYZTest -->
