<?xml version="1.0" encoding="UTF-8"?>
<!-- Generated by org.testng.reporters.JUnitReportReporter -->
<testsuite hostname="ANU-PC" name="mavendemo.XYZTest" tests="1" failures="0" timestamp="16 Jul 2020 02:41:03 GMT" time="5.089" errors="0">
  <testcase name="geturl" time="5.089" classname="mavendemo.XYZTest"/>
</testsuite> <!-- mavendemo.XYZTest -->
