<?xml version="1.0" encoding="UTF-8"?>
<!-- Generated by org.testng.reporters.JUnitReportReporter -->
<testsuite hostname="ANU-PC" name="mavendemo.abcTest" tests="1" failures="0" timestamp="16 Jul 2020 02:41:03 GMT" time="0.005" errors="0">
  <testcase name="method1" time="0.005" classname="mavendemo.abcTest"/>
</testsuite> <!-- mavendemo.abcTest -->
